0 silly argv {
0 silly argv   _: [ 'publish' ],
0 silly argv   composed: 'publish',
0 silly argv   lernaVersion: '4.0.0',
0 silly argv   '$0': 'lerna'
0 silly argv }
1 notice cli v4.0.0
2 verbose rootPath /Users/song/workspace/学习练习/web前端架构师/阶段一/ly-cli-dev
3 verbose session d297e25262f0e014
4 verbose user-agent lerna/4.0.0/node@v16.14.0+x64 (darwin)
5 silly argv { _: [ 'publish' ], composed: 'publish', lernaVersion: '4.0.0' }
6 verbose rootPath /Users/song/workspace/学习练习/web前端架构师/阶段一/ly-cli-dev
7 info current version 1.0.2
8 silly isAnythingCommitted
9 verbose isAnythingCommitted 1
10 silly getCurrentBranch
11 verbose currentBranch master
12 silly remoteBranchExists
13 silly isBehindUpstream
14 silly isBehindUpstream master is behind origin/master by 0 commit(s) and ahead by 0
15 silly hasTags
16 verbose hasTags true
17 silly git-describe.sync "v1.0.2-6-g78f9864" => {"lastTagName":"v1.0.2","lastVersion":"v1.0.2","refCount":"6","sha":"78f9864","isDirty":false}
18 info Looking for changed packages since v1.0.2
19 silly checking diff packages/core
20 silly found diff in packages/core/package.json
21 verbose filtered diff [ 'packages/core/package.json' ]
22 silly checking diff packages/utils
23 silly found diff in packages/utils/package.json
24 verbose filtered diff [ 'packages/utils/package.json' ]
25 verbose updated @ly-cli-dev/core
26 verbose updated @ly-cli-dev/utils
27 verbose git-describe undefined => "v1.0.2-6-g78f9864"
28 silly git-describe parsed => {"lastTagName":"v1.0.2","lastVersion":"v1.0.2","refCount":"6","sha":"78f9864","isDirty":false}
29 info execute Skipping releases
30 silly lifecycle No script for "preversion" in "ly-cli-dev", continuing
31 silly lifecycle No script for "preversion" in "@ly-cli-dev/utils", continuing
32 silly lifecycle No script for "version" in "@ly-cli-dev/utils", continuing
33 silly lifecycle No script for "preversion" in "@ly-cli-dev/core", continuing
34 silly lifecycle No script for "version" in "@ly-cli-dev/core", continuing
35 silly lifecycle No script for "version" in "ly-cli-dev", continuing
36 silly gitAdd [
36 silly gitAdd   'packages/utils/package.json',
36 silly gitAdd   'packages/core/package.json',
36 silly gitAdd   'lerna.json'
36 silly gitAdd ]
37 silly gitCommit v1.0.3
38 verbose git [ 'commit', '-m', 'v1.0.3' ]
39 silly gitTag v1.0.3
40 verbose git [ 'tag', 'v1.0.3', '-m', 'v1.0.3' ]
41 silly lifecycle No script for "postversion" in "@ly-cli-dev/core", continuing
42 silly lifecycle No script for "postversion" in "@ly-cli-dev/utils", continuing
43 silly lifecycle No script for "postversion" in "ly-cli-dev", continuing
44 info git Pushing tags...
45 silly gitPush origin master
46 info publish Publishing packages to npm...
47 info Verifying npm credentials
48 verbose Retrieving npm user profile
49 warn registry Using stale data from https://registry.npmjs.org/ because the host is inaccessible -- are you offline?
50 warn registry Using stale data from https://registry.npmjs.org/ due to a request error during revalidation.
51 http fetch GET 200 https://registry.npmjs.org/-/npm/v1/user 30051ms (from cache)
52 silly npm profile get received {"tfa":{"pending":false,"mode":"auth-only"},"name":"tyre","email":"zjshemn@qq.com","email_verified":true,"created":"2017-02-06T02:43:40.296Z","updated":"2022-04-26T09:20:56.424Z","cidr_whitelist":null,"homepage":"","twitter":"","github":"yiPian"}
53 silly get npm username received {"username":"tyre","tfa":{"pending":false,"mode":"auth-only"},"name":"tyre","email":"zjshemn@qq.com","email_verified":true,"created":"2017-02-06T02:43:40.296Z","updated":"2022-04-26T09:20:56.424Z","cidr_whitelist":null,"homepage":"","twitter":"","github":"yiPian"}
54 silly verifyNpmPackageAccess
55 http fetch GET 200 https://registry.npmjs.org/-/org/tyre/package?format=cli 30023ms (cache stale)
56 warn The logged-in user does not have any previously-published packages, skipping permission checks...
57 info Checking two-factor auth mode
58 verbose Retrieving npm user profile
59 http fetch GET 200 https://registry.npmjs.org/-/npm/v1/user 91ms (from cache)
60 silly npm profile get received {"tfa":{"pending":false,"mode":"auth-only"},"name":"tyre","email":"zjshemn@qq.com","email_verified":true,"created":"2017-02-06T02:43:40.296Z","updated":"2022-04-26T09:20:56.424Z","cidr_whitelist":null,"homepage":"","twitter":"","github":"yiPian"}
61 silly 2FA { pending: false, mode: 'auth-only' }
62 warn ENOLICENSE Packages @ly-cli-dev/core and @ly-cli-dev/utils are missing a license.
62 warn ENOLICENSE One way to fix this is to add a LICENSE.md file to the root of this repository.
62 warn ENOLICENSE See https://choosealicense.com for additional guidance.
63 silly getCurrentSHA
64 verbose getCurrentSHA 1cde5977eafc3f1445c57d8222e7816fc13e44a7
65 silly lifecycle No script for "prepublish" in "ly-cli-dev", continuing
66 silly lifecycle No script for "prepare" in "ly-cli-dev", continuing
67 silly lifecycle No script for "prepublishOnly" in "ly-cli-dev", continuing
68 silly lifecycle No script for "prepack" in "ly-cli-dev", continuing
69 verbose pack-directory packages/utils
70 silly lifecycle No script for "prepublish" in "@ly-cli-dev/utils", continuing
71 silly lifecycle No script for "prepare" in "@ly-cli-dev/utils", continuing
72 silly lifecycle No script for "prepublishOnly" in "@ly-cli-dev/utils", continuing
73 silly lifecycle No script for "prepack" in "@ly-cli-dev/utils", continuing
74 silly lifecycle No script for "postpack" in "@ly-cli-dev/utils", continuing
75 verbose packed packages/utils
76 verbose pack-directory packages/core
77 silly lifecycle No script for "prepublish" in "@ly-cli-dev/core", continuing
78 silly lifecycle No script for "prepare" in "@ly-cli-dev/core", continuing
79 silly lifecycle No script for "prepublishOnly" in "@ly-cli-dev/core", continuing
80 silly lifecycle No script for "prepack" in "@ly-cli-dev/core", continuing
81 silly lifecycle No script for "postpack" in "@ly-cli-dev/core", continuing
82 verbose packed packages/core
83 silly lifecycle No script for "postpack" in "ly-cli-dev", continuing
84 verbose publish @ly-cli-dev/utils
85 silly FetchError: request to https://registry.npmjs.org/@ly-cli-dev%2futils failed, reason: getaddrinfo ENOTFOUND registry.npmjs.org
85 silly     at ClientRequest.<anonymous> (/usr/local/lib/node_modules/lerna/node_modules/_minipass-fetch@1.4.1@minipass-fetch/lib/index.js:110:14)
85 silly     at ClientRequest.emit (node:events:520:28)
85 silly     at TLSSocket.socketErrorListener (node:_http_client:442:9)
85 silly     at TLSSocket.emit (node:events:532:35)
85 silly     at emitErrorNT (node:internal/streams/destroy:157:8)
85 silly     at emitErrorCloseNT (node:internal/streams/destroy:122:3)
85 silly     at processTicksAndRejections (node:internal/process/task_queues:83:21)
85 silly  FetchError: request to https://registry.npmjs.org/@ly-cli-dev%2futils failed, reason: getaddrinfo ENOTFOUND registry.npmjs.org
85 silly     at ClientRequest.<anonymous> (/usr/local/lib/node_modules/lerna/node_modules/_minipass-fetch@1.4.1@minipass-fetch/lib/index.js:110:14)
85 silly     at ClientRequest.emit (node:events:520:28)
85 silly     at TLSSocket.socketErrorListener (node:_http_client:442:9)
85 silly     at TLSSocket.emit (node:events:532:35)
85 silly     at emitErrorNT (node:internal/streams/destroy:157:8)
85 silly     at emitErrorCloseNT (node:internal/streams/destroy:122:3)
85 silly     at processTicksAndRejections (node:internal/process/task_queues:83:21) {
85 silly   code: 'ENOTFOUND',
85 silly   errno: 'ENOTFOUND',
85 silly   syscall: 'getaddrinfo',
85 silly   hostname: 'registry.npmjs.org',
85 silly   type: 'system'
85 silly }
86 error ENOTFOUND request to https://registry.npmjs.org/@ly-cli-dev%2futils failed, reason: getaddrinfo ENOTFOUND registry.npmjs.org
87 error FetchError: request to https://registry.npmjs.org/@ly-cli-dev%2futils failed, reason: getaddrinfo ENOTFOUND registry.npmjs.org
87 error     at ClientRequest.<anonymous> (/usr/local/lib/node_modules/lerna/node_modules/_minipass-fetch@1.4.1@minipass-fetch/lib/index.js:110:14)
87 error     at ClientRequest.emit (node:events:520:28)
87 error     at TLSSocket.socketErrorListener (node:_http_client:442:9)
87 error     at TLSSocket.emit (node:events:532:35)
87 error     at emitErrorNT (node:internal/streams/destroy:157:8)
87 error     at emitErrorCloseNT (node:internal/streams/destroy:122:3)
